<?xml version='1.0' encoding='UTF-8'?>
<testsuite hostname="Justins-MacBook-Air.local" name="exp.SyntaxAnalysisTests" tests="11" errors="0" failures="0" skipped="0" time="0.132" timestamp="2023-08-29T18:26:55">
                     <properties>
[...]
</properties>
                     <testcase classname="exp.SyntaxAnalysisTests" name="parsing digits as a factor gives the correct tree" time="0.036">
                                                 
                                               </testcase><testcase classname="exp.SyntaxAnalysisTests" name="parsing a non-integer as an integer gives an error" time="0.003">
                                                 
                                               </testcase><testcase classname="exp.SyntaxAnalysisTests" name="parsing a simple expression produces the correct tree" time="0.013">
                                                 
                                               </testcase><testcase classname="exp.SyntaxAnalysisTests" name="parsing an expression with associative operators produces the correct tree" time="0.004">
                                                 
                                               </testcase><testcase classname="exp.SyntaxAnalysisTests" name="a complex expression is parsed correctly" time="0.008">
                                                 
                                               </testcase><testcase classname="exp.SyntaxAnalysisTests" name="parsing an identifier factor gives the correct tree" time="0.001">
                                                 
                                               </testcase><testcase classname="exp.SyntaxAnalysisTests" name="parsing a non-identifier as an identifier gives an error" time="0.001">
                                                 
                                               </testcase><testcase classname="exp.SyntaxAnalysisTests" name="parsing a set statement gives the correct tree" time="0.006">
                                                 
                                               </testcase><testcase classname="exp.SyntaxAnalysisTests" name="parsing an erroneous set statement fails" time="0.028">
                                                 
                                               </testcase><testcase classname="exp.SyntaxAnalysisTests" name="parsing an expression statement gives the correct tree" time="0.02">
                                                 
                                               </testcase><testcase classname="exp.SyntaxAnalysisTests" name="parsing a program gives the correct tree" time="0.012">
                                                 
                                               </testcase>
                     <system-out><![CDATA[]]></system-out>
                     <system-err><![CDATA[]]></system-err>
                   </testsuite>